<?xml version="1.0" encoding="UTF-8"?><testsuite name="nosetests" tests="13" errors="0" failures="0" skip="0"><testcase classname="app.api.tests.test_models.CommentModelTest" name="test_comment" time="0.003"></testcase><testcase classname="app.api.tests.test_models.GlobalDataModelTest" name="test_globaldata" time="0.003"></testcase><testcase classname="app.api.tests.test_models.ProfileDataModelTest" name="test_profile_data" time="0.003"></testcase><testcase classname="app.api.tests.test_models.ProfileModelTest" name="test_profile" time="0.003"></testcase><testcase classname="app.api.tests.test_models.ReasonModelTest" name="test_reason" time="0.004"></testcase><testcase classname="app.api.tests.test_views.ExportTestCase" name="test_export" time="0.053"></testcase><testcase classname="app.api.tests.test_views.GlobalDataCreateTestCase" name="test_post_globaldata" time="0.009"></testcase><testcase classname="app.api.tests.test_views.GlobalDataTestCase" name="test_get_globaldata" time="0.007"></testcase><testcase classname="app.api.tests.test_views.ProfileEditTestCase" name="test_put_profile" time="0.075"></testcase><testcase classname="app.api.tests.test_views.ProfilePostTestCase" name="test_post_profiles" time="0.034"></testcase><testcase classname="app.api.tests.test_views.ProfileTestCase" name="test_get_profile" time="0.056"></testcase><testcase classname="app.api.tests.test_views.ProfilesTestCase" name="test_profiles" time="0.007"></testcase><testcase classname="app.api.tests.test_views.ReasonTestCase" name="test_get_reasons" time="0.039"></testcase></testsuite>